This file contains any messages produced by compilers while
running configure, to aid debugging if configure makes a mistake.

It was created by configure, which was
generated by GNU Autoconf 2.65.  Invocation command line was

  $ ./configure --prefix=/usr/local --with-readline

## --------- ##
## Platform. ##
## --------- ##

hostname = itachi
uname -m = x86_64
uname -r = 4.9.38-1-MANJARO
uname -s = Linux
uname -v = #1 SMP PREEMPT Sat Jul 15 12:04:06 UTC 2017

/usr/bin/uname -p = unknown
/bin/uname -X     = unknown

/bin/arch              = unknown
/usr/bin/arch -k       = unknown
/usr/convex/getsysinfo = unknown
/usr/bin/hostinfo      = unknown
/bin/machine           = unknown
/usr/bin/oslevel       = unknown
/bin/universe          = unknown

PATH: /home/muhmud/.yarn/bin
PATH: /usr/java/jdk1.8.0_131/bin
PATH: /home/muhmud/bin
PATH: /usr/local/sbin
PATH: /usr/local/bin
PATH: /usr/bin
PATH: /opt/cxoffice/bin
PATH: /usr/lib/jvm/default/bin
PATH: /usr/bin/site_perl
PATH: /usr/bin/vendor_perl
PATH: /usr/bin/core_perl


## ----------- ##
## Core tests. ##
## ----------- ##

configure:2201: checking build system type
configure:2215: result: x86_64-unknown-linux-gnu
configure:2235: checking host system type
configure:2248: result: x86_64-unknown-linux-gnu
configure:2431: checking for gcc
configure:2447: found /usr/bin/gcc
configure:2458: result: gcc
configure:2687: checking for C compiler version
configure:2696: gcc --version >&5
gcc (GCC) 7.1.1 20170630
Copyright (C) 2017 Free Software Foundation, Inc.
This is free software; see the source for copying conditions.  There is NO
warranty; not even for MERCHANTABILITY or FITNESS FOR A PARTICULAR PURPOSE.

configure:2707: $? = 0
configure:2696: gcc -v >&5
Using built-in specs.
COLLECT_GCC=gcc
COLLECT_LTO_WRAPPER=/usr/lib/gcc/x86_64-pc-linux-gnu/7.1.1/lto-wrapper
Target: x86_64-pc-linux-gnu
Configured with: /build/gcc-multilib/src/gcc/configure --prefix=/usr --libdir=/usr/lib --libexecdir=/usr/lib --mandir=/usr/share/man --infodir=/usr/share/info --with-bugurl=https://bugs.archlinux.org/ --enable-languages=c,c++,ada,fortran,go,lto,objc,obj-c++ --enable-shared --enable-threads=posix --enable-libmpx --with-system-zlib --with-isl --enable-__cxa_atexit --disable-libunwind-exceptions --enable-clocale=gnu --disable-libstdcxx-pch --disable-libssp --enable-gnu-unique-object --enable-linker-build-id --enable-lto --enable-plugin --enable-install-libiberty --with-linker-hash-style=gnu --enable-gnu-indirect-function --enable-multilib --disable-werror --enable-checking=release --enable-default-pie --enable-default-ssp
Thread model: posix
gcc version 7.1.1 20170630 (GCC) 
configure:2707: $? = 0
configure:2696: gcc -V >&5
gcc: error: unrecognized command line option '-V'
gcc: fatal error: no input files
compilation terminated.
configure:2707: $? = 1
configure:2696: gcc -qversion >&5
gcc: error: unrecognized command line option '-qversion'; did you mean '--version'?
gcc: fatal error: no input files
compilation terminated.
configure:2707: $? = 1
configure:2727: checking whether the C compiler works
configure:2749: gcc    conftest.c  >&5
configure:2753: $? = 0
configure:2802: result: yes
configure:2805: checking for C compiler default output file name
configure:2807: result: a.out
configure:2813: checking for suffix of executables
configure:2820: gcc -o conftest    conftest.c  >&5
configure:2824: $? = 0
configure:2846: result: 
configure:2868: checking whether we are cross compiling
configure:2876: gcc -o conftest    conftest.c  >&5
configure:2880: $? = 0
configure:2887: ./conftest
configure:2891: $? = 0
configure:2906: result: no
configure:2911: checking for suffix of object files
configure:2933: gcc -c   conftest.c >&5
configure:2937: $? = 0
configure:2958: result: o
configure:2962: checking whether we are using the GNU C compiler
configure:2981: gcc -c   conftest.c >&5
configure:2981: $? = 0
configure:2990: result: yes
configure:2999: checking whether gcc accepts -g
configure:3019: gcc -c -g  conftest.c >&5
configure:3019: $? = 0
configure:3060: result: yes
configure:3077: checking for gcc option to accept ISO C89
configure:3141: gcc  -c -g -O2  conftest.c >&5
configure:3141: $? = 0
configure:3154: result: none needed
configure:3179: checking how to run the C preprocessor
configure:3210: gcc -E  conftest.c
configure:3210: $? = 0
configure:3224: gcc -E  conftest.c
conftest.c:9:10: fatal error: ac_nonexistent.h: No such file or directory
 #include <ac_nonexistent.h>
          ^~~~~~~~~~~~~~~~~~
compilation terminated.
configure:3224: $? = 1
configure: failed program was:
| /* confdefs.h */
| #define PACKAGE_NAME ""
| #define PACKAGE_TARNAME ""
| #define PACKAGE_VERSION ""
| #define PACKAGE_STRING ""
| #define PACKAGE_BUGREPORT ""
| #define PACKAGE_URL ""
| /* end confdefs.h.  */
| #include <ac_nonexistent.h>
configure:3249: result: gcc -E
configure:3269: gcc -E  conftest.c
configure:3269: $? = 0
configure:3283: gcc -E  conftest.c
conftest.c:9:10: fatal error: ac_nonexistent.h: No such file or directory
 #include <ac_nonexistent.h>
          ^~~~~~~~~~~~~~~~~~
compilation terminated.
configure:3283: $? = 1
configure: failed program was:
| /* confdefs.h */
| #define PACKAGE_NAME ""
| #define PACKAGE_TARNAME ""
| #define PACKAGE_VERSION ""
| #define PACKAGE_STRING ""
| #define PACKAGE_BUGREPORT ""
| #define PACKAGE_URL ""
| /* end confdefs.h.  */
| #include <ac_nonexistent.h>
configure:3312: checking for library containing strerror
configure:3343: gcc -o conftest -g -O2   conftest.c  >&5
configure:3343: $? = 0
configure:3360: result: none required
configure:3375: checking whether gcc supports volatile keyword
configure:3392: gcc -c -g -O2  conftest.c >&5
configure:3392: $? = 0
configure:3401: result: yes
configure:3416: checking Open Client installation
configure:3438: result: /usr/local
configure:3441: checking Open Client libraries
configure:3479: result:    -lct    
configure:3482: checking Open Client needs net libraries
configure:3507: result: no (version FreeTDS)
configure:3512: checking Open Client OS libraries
configure:3539: result: -ldl -lm
configure:3576: checking for libreadline
configure:3616: result: /lib
configure:3641: checking for readline/readline.h
configure:3674: result: /usr/include
configure:3684: checking for readline link
configure:3728: gcc -o conftest -g -O2  -I/usr/include -L/lib  conftest.c  -lreadline -lHcurses >&5
/usr/bin/ld: cannot find -lHcurses
collect2: error: ld returned 1 exit status
configure:3728: $? = 1
configure: failed program was:
| /* confdefs.h */
| #define PACKAGE_NAME ""
| #define PACKAGE_TARNAME ""
| #define PACKAGE_VERSION ""
| #define PACKAGE_STRING ""
| #define PACKAGE_BUGREPORT ""
| #define PACKAGE_URL ""
| #define HAVE_VOLATILE 1
| /* end confdefs.h.  */
| 
| #include <stdio.h>
| #include <readline/readline.h>
| #include <readline/history.h>
| 
| int
| main ()
| {
| 
| 					char  *c;
| 					add_history( c );
| 					readline( c );
| 
|   ;
|   return 0;
| }
configure:3728: gcc -o conftest -g -O2  -I/usr/include -L/lib  conftest.c  -lreadline -lcurses >&5
configure:3728: $? = 0
configure:3758: result: -lreadline -lcurses
configure:3786: checking for rl_completion_matches in -lreadline
configure:3811: gcc -o conftest -g -O2   conftest.c -lreadline  -lreadline -lcurses  >&5
configure:3811: $? = 0
configure:3820: result: yes
configure:4150: checking for grep that handles long lines and -e
configure:4208: result: /usr/bin/grep
configure:4213: checking for egrep
configure:4275: result: /usr/bin/grep -E
configure:4280: checking for ANSI C header files
configure:4300: gcc -c -g -O2  conftest.c >&5
configure:4300: $? = 0
configure:4373: gcc -o conftest -g -O2   conftest.c  >&5
configure:4373: $? = 0
configure:4373: ./conftest
configure:4373: $? = 0
configure:4384: result: yes
configure:4392: checking for sys/wait.h that is POSIX.1 compatible
configure:4418: gcc -c -g -O2  conftest.c >&5
configure:4418: $? = 0
configure:4425: result: yes
configure:4438: checking for sys/types.h
configure:4438: gcc -c -g -O2  conftest.c >&5
configure:4438: $? = 0
configure:4438: result: yes
configure:4438: checking for sys/stat.h
configure:4438: gcc -c -g -O2  conftest.c >&5
configure:4438: $? = 0
configure:4438: result: yes
configure:4438: checking for stdlib.h
configure:4438: gcc -c -g -O2  conftest.c >&5
configure:4438: $? = 0
configure:4438: result: yes
configure:4438: checking for string.h
configure:4438: gcc -c -g -O2  conftest.c >&5
configure:4438: $? = 0
configure:4438: result: yes
configure:4438: checking for memory.h
configure:4438: gcc -c -g -O2  conftest.c >&5
configure:4438: $? = 0
configure:4438: result: yes
configure:4438: checking for strings.h
configure:4438: gcc -c -g -O2  conftest.c >&5
configure:4438: $? = 0
configure:4438: result: yes
configure:4438: checking for inttypes.h
configure:4438: gcc -c -g -O2  conftest.c >&5
configure:4438: $? = 0
configure:4438: result: yes
configure:4438: checking for stdint.h
configure:4438: gcc -c -g -O2  conftest.c >&5
configure:4438: $? = 0
configure:4438: result: yes
configure:4438: checking for unistd.h
configure:4438: gcc -c -g -O2  conftest.c >&5
configure:4438: $? = 0
configure:4438: result: yes
configure:4454: checking stropts.h usability
configure:4454: gcc -c -g -O2  conftest.c >&5
configure:4454: $? = 0
configure:4454: result: yes
configure:4454: checking stropts.h presence
configure:4454: gcc -E  conftest.c
configure:4454: $? = 0
configure:4454: result: yes
configure:4454: checking for stropts.h
configure:4454: result: yes
configure:4454: checking for memory.h
configure:4454: result: yes
configure:4454: checking for stdlib.h
configure:4454: result: yes
configure:4454: checking time.h usability
configure:4454: gcc -c -g -O2  conftest.c >&5
configure:4454: $? = 0
configure:4454: result: yes
configure:4454: checking time.h presence
configure:4454: gcc -E  conftest.c
configure:4454: $? = 0
configure:4454: result: yes
configure:4454: checking for time.h
configure:4454: result: yes
configure:4454: checking sys/time.h usability
configure:4454: gcc -c -g -O2  conftest.c >&5
configure:4454: $? = 0
configure:4454: result: yes
configure:4454: checking sys/time.h presence
configure:4454: gcc -E  conftest.c
configure:4454: $? = 0
configure:4454: result: yes
configure:4454: checking for sys/time.h
configure:4454: result: yes
configure:4454: checking for sys/types.h
configure:4454: result: yes
configure:4454: checking for string.h
configure:4454: result: yes
configure:4454: checking for strings.h
configure:4454: result: yes
configure:4454: checking fcntl.h usability
configure:4454: gcc -c -g -O2  conftest.c >&5
configure:4454: $? = 0
configure:4454: result: yes
configure:4454: checking fcntl.h presence
configure:4454: gcc -E  conftest.c
configure:4454: $? = 0
configure:4454: result: yes
configure:4454: checking for fcntl.h
configure:4454: result: yes
configure:4454: checking for unistd.h
configure:4454: result: yes
configure:4454: checking errno.h usability
configure:4454: gcc -c -g -O2  conftest.c >&5
configure:4454: $? = 0
configure:4454: result: yes
configure:4454: checking errno.h presence
configure:4454: gcc -E  conftest.c
configure:4454: $? = 0
configure:4454: result: yes
configure:4454: checking for errno.h
configure:4454: result: yes
configure:4454: checking limits.h usability
configure:4454: gcc -c -g -O2  conftest.c >&5
configure:4454: $? = 0
configure:4454: result: yes
configure:4454: checking limits.h presence
configure:4454: gcc -E  conftest.c
configure:4454: $? = 0
configure:4454: result: yes
configure:4454: checking for limits.h
configure:4454: result: yes
configure:4454: checking sys/param.h usability
configure:4454: gcc -c -g -O2  conftest.c >&5
configure:4454: $? = 0
configure:4454: result: yes
configure:4454: checking sys/param.h presence
configure:4454: gcc -E  conftest.c
configure:4454: $? = 0
configure:4454: result: yes
configure:4454: checking for sys/param.h
configure:4454: result: yes
configure:4454: checking crypt.h usability
configure:4454: gcc -c -g -O2  conftest.c >&5
configure:4454: $? = 0
configure:4454: result: yes
configure:4454: checking crypt.h presence
configure:4454: gcc -E  conftest.c
configure:4454: $? = 0
configure:4454: result: yes
configure:4454: checking for crypt.h
configure:4454: result: yes
configure:4454: checking shadow.h usability
configure:4454: gcc -c -g -O2  conftest.c >&5
configure:4454: $? = 0
configure:4454: result: yes
configure:4454: checking shadow.h presence
configure:4454: gcc -E  conftest.c
configure:4454: $? = 0
configure:4454: result: yes
configure:4454: checking for shadow.h
configure:4454: result: yes
configure:4454: checking locale.h usability
configure:4454: gcc -c -g -O2  conftest.c >&5
configure:4454: $? = 0
configure:4454: result: yes
configure:4454: checking locale.h presence
configure:4454: gcc -E  conftest.c
configure:4454: $? = 0
configure:4454: result: yes
configure:4454: checking for locale.h
configure:4454: result: yes
configure:4466: checking for an ANSI C-conforming const
configure:4531: gcc -c -g -O2  conftest.c >&5
configure:4531: $? = 0
configure:4538: result: yes
configure:4546: checking for mode_t
configure:4546: gcc -c -g -O2  conftest.c >&5
configure:4546: $? = 0
configure:4546: gcc -c -g -O2  conftest.c >&5
conftest.c: In function 'main':
conftest.c:73:21: error: expected expression before ')' token
 if (sizeof ((mode_t)))
                     ^
configure:4546: $? = 1
configure: failed program was:
| /* confdefs.h */
| #define PACKAGE_NAME ""
| #define PACKAGE_TARNAME ""
| #define PACKAGE_VERSION ""
| #define PACKAGE_STRING ""
| #define PACKAGE_BUGREPORT ""
| #define PACKAGE_URL ""
| #define HAVE_VOLATILE 1
| #define STDC_HEADERS 1
| #define HAVE_SYS_WAIT_H 1
| #define HAVE_SYS_TYPES_H 1
| #define HAVE_SYS_STAT_H 1
| #define HAVE_STDLIB_H 1
| #define HAVE_STRING_H 1
| #define HAVE_MEMORY_H 1
| #define HAVE_STRINGS_H 1
| #define HAVE_INTTYPES_H 1
| #define HAVE_STDINT_H 1
| #define HAVE_UNISTD_H 1
| #define HAVE_STROPTS_H 1
| #define HAVE_MEMORY_H 1
| #define HAVE_STDLIB_H 1
| #define HAVE_TIME_H 1
| #define HAVE_SYS_TIME_H 1
| #define HAVE_SYS_TYPES_H 1
| #define HAVE_STRING_H 1
| #define HAVE_STRINGS_H 1
| #define HAVE_FCNTL_H 1
| #define HAVE_UNISTD_H 1
| #define HAVE_ERRNO_H 1
| #define HAVE_LIMITS_H 1
| #define HAVE_SYS_PARAM_H 1
| #define HAVE_CRYPT_H 1
| #define HAVE_SHADOW_H 1
| #define HAVE_LOCALE_H 1
| /* end confdefs.h.  */
| #include <stdio.h>
| #ifdef HAVE_SYS_TYPES_H
| # include <sys/types.h>
| #endif
| #ifdef HAVE_SYS_STAT_H
| # include <sys/stat.h>
| #endif
| #ifdef STDC_HEADERS
| # include <stdlib.h>
| # include <stddef.h>
| #else
| # ifdef HAVE_STDLIB_H
| #  include <stdlib.h>
| # endif
| #endif
| #ifdef HAVE_STRING_H
| # if !defined STDC_HEADERS && defined HAVE_MEMORY_H
| #  include <memory.h>
| # endif
| # include <string.h>
| #endif
| #ifdef HAVE_STRINGS_H
| # include <strings.h>
| #endif
| #ifdef HAVE_INTTYPES_H
| # include <inttypes.h>
| #endif
| #ifdef HAVE_STDINT_H
| # include <stdint.h>
| #endif
| #ifdef HAVE_UNISTD_H
| # include <unistd.h>
| #endif
| int
| main ()
| {
| if (sizeof ((mode_t)))
| 	    return 0;
|   ;
|   return 0;
| }
configure:4546: result: yes
configure:4557: checking for pid_t
configure:4557: gcc -c -g -O2  conftest.c >&5
configure:4557: $? = 0
configure:4557: gcc -c -g -O2  conftest.c >&5
conftest.c: In function 'main':
conftest.c:73:20: error: expected expression before ')' token
 if (sizeof ((pid_t)))
                    ^
configure:4557: $? = 1
configure: failed program was:
| /* confdefs.h */
| #define PACKAGE_NAME ""
| #define PACKAGE_TARNAME ""
| #define PACKAGE_VERSION ""
| #define PACKAGE_STRING ""
| #define PACKAGE_BUGREPORT ""
| #define PACKAGE_URL ""
| #define HAVE_VOLATILE 1
| #define STDC_HEADERS 1
| #define HAVE_SYS_WAIT_H 1
| #define HAVE_SYS_TYPES_H 1
| #define HAVE_SYS_STAT_H 1
| #define HAVE_STDLIB_H 1
| #define HAVE_STRING_H 1
| #define HAVE_MEMORY_H 1
| #define HAVE_STRINGS_H 1
| #define HAVE_INTTYPES_H 1
| #define HAVE_STDINT_H 1
| #define HAVE_UNISTD_H 1
| #define HAVE_STROPTS_H 1
| #define HAVE_MEMORY_H 1
| #define HAVE_STDLIB_H 1
| #define HAVE_TIME_H 1
| #define HAVE_SYS_TIME_H 1
| #define HAVE_SYS_TYPES_H 1
| #define HAVE_STRING_H 1
| #define HAVE_STRINGS_H 1
| #define HAVE_FCNTL_H 1
| #define HAVE_UNISTD_H 1
| #define HAVE_ERRNO_H 1
| #define HAVE_LIMITS_H 1
| #define HAVE_SYS_PARAM_H 1
| #define HAVE_CRYPT_H 1
| #define HAVE_SHADOW_H 1
| #define HAVE_LOCALE_H 1
| /* end confdefs.h.  */
| #include <stdio.h>
| #ifdef HAVE_SYS_TYPES_H
| # include <sys/types.h>
| #endif
| #ifdef HAVE_SYS_STAT_H
| # include <sys/stat.h>
| #endif
| #ifdef STDC_HEADERS
| # include <stdlib.h>
| # include <stddef.h>
| #else
| # ifdef HAVE_STDLIB_H
| #  include <stdlib.h>
| # endif
| #endif
| #ifdef HAVE_STRING_H
| # if !defined STDC_HEADERS && defined HAVE_MEMORY_H
| #  include <memory.h>
| # endif
| # include <string.h>
| #endif
| #ifdef HAVE_STRINGS_H
| # include <strings.h>
| #endif
| #ifdef HAVE_INTTYPES_H
| # include <inttypes.h>
| #endif
| #ifdef HAVE_STDINT_H
| # include <stdint.h>
| #endif
| #ifdef HAVE_UNISTD_H
| # include <unistd.h>
| #endif
| int
| main ()
| {
| if (sizeof ((pid_t)))
| 	    return 0;
|   ;
|   return 0;
| }
configure:4557: result: yes
configure:4568: checking for uid_t in sys/types.h
configure:4587: result: yes
configure:4599: checking return type of signal handlers
configure:4617: gcc -c -g -O2  conftest.c >&5
conftest.c: In function 'main':
conftest.c:43:10: error: void value not ignored as it ought to be
 return *(signal (0, 0)) (0) == 1;
         ~^~~~~~~~~~~~~~~~~~
configure:4617: $? = 1
configure: failed program was:
| /* confdefs.h */
| #define PACKAGE_NAME ""
| #define PACKAGE_TARNAME ""
| #define PACKAGE_VERSION ""
| #define PACKAGE_STRING ""
| #define PACKAGE_BUGREPORT ""
| #define PACKAGE_URL ""
| #define HAVE_VOLATILE 1
| #define STDC_HEADERS 1
| #define HAVE_SYS_WAIT_H 1
| #define HAVE_SYS_TYPES_H 1
| #define HAVE_SYS_STAT_H 1
| #define HAVE_STDLIB_H 1
| #define HAVE_STRING_H 1
| #define HAVE_MEMORY_H 1
| #define HAVE_STRINGS_H 1
| #define HAVE_INTTYPES_H 1
| #define HAVE_STDINT_H 1
| #define HAVE_UNISTD_H 1
| #define HAVE_STROPTS_H 1
| #define HAVE_MEMORY_H 1
| #define HAVE_STDLIB_H 1
| #define HAVE_TIME_H 1
| #define HAVE_SYS_TIME_H 1
| #define HAVE_SYS_TYPES_H 1
| #define HAVE_STRING_H 1
| #define HAVE_STRINGS_H 1
| #define HAVE_FCNTL_H 1
| #define HAVE_UNISTD_H 1
| #define HAVE_ERRNO_H 1
| #define HAVE_LIMITS_H 1
| #define HAVE_SYS_PARAM_H 1
| #define HAVE_CRYPT_H 1
| #define HAVE_SHADOW_H 1
| #define HAVE_LOCALE_H 1
| /* end confdefs.h.  */
| #include <sys/types.h>
| #include <signal.h>
| 
| int
| main ()
| {
| return *(signal (0, 0)) (0) == 1;
|   ;
|   return 0;
| }
configure:4624: result: void
configure:4635: checking for sigaction
configure:4635: gcc -o conftest -g -O2   conftest.c  >&5
configure:4635: $? = 0
configure:4635: result: yes
configure:4635: checking for strcasecmp
configure:4635: gcc -o conftest -g -O2   conftest.c  >&5
conftest.c:62:6: warning: conflicting types for built-in function 'strcasecmp' [-Wbuiltin-declaration-mismatch]
 char strcasecmp ();
      ^~~~~~~~~~
configure:4635: $? = 0
configure:4635: result: yes
configure:4635: checking for strerror
configure:4635: gcc -o conftest -g -O2   conftest.c  >&5
configure:4635: $? = 0
configure:4635: result: yes
configure:4635: checking for cftime
configure:4635: gcc -o conftest -g -O2   conftest.c  >&5
/tmp/ccnf8MJI.o: In function `main':
/home/muhmud/code/foss/sqsh/sqsh-2.4/conftest.c:75: undefined reference to `cftime'
collect2: error: ld returned 1 exit status
configure:4635: $? = 1
configure: failed program was:
| /* confdefs.h */
| #define PACKAGE_NAME ""
| #define PACKAGE_TARNAME ""
| #define PACKAGE_VERSION ""
| #define PACKAGE_STRING ""
| #define PACKAGE_BUGREPORT ""
| #define PACKAGE_URL ""
| #define HAVE_VOLATILE 1
| #define STDC_HEADERS 1
| #define HAVE_SYS_WAIT_H 1
| #define HAVE_SYS_TYPES_H 1
| #define HAVE_SYS_STAT_H 1
| #define HAVE_STDLIB_H 1
| #define HAVE_STRING_H 1
| #define HAVE_MEMORY_H 1
| #define HAVE_STRINGS_H 1
| #define HAVE_INTTYPES_H 1
| #define HAVE_STDINT_H 1
| #define HAVE_UNISTD_H 1
| #define HAVE_STROPTS_H 1
| #define HAVE_MEMORY_H 1
| #define HAVE_STDLIB_H 1
| #define HAVE_TIME_H 1
| #define HAVE_SYS_TIME_H 1
| #define HAVE_SYS_TYPES_H 1
| #define HAVE_STRING_H 1
| #define HAVE_STRINGS_H 1
| #define HAVE_FCNTL_H 1
| #define HAVE_UNISTD_H 1
| #define HAVE_ERRNO_H 1
| #define HAVE_LIMITS_H 1
| #define HAVE_SYS_PARAM_H 1
| #define HAVE_CRYPT_H 1
| #define HAVE_SHADOW_H 1
| #define HAVE_LOCALE_H 1
| #define RETSIGTYPE void
| #define HAVE_SIGACTION 1
| #define HAVE_STRCASECMP 1
| #define HAVE_STRERROR 1
| /* end confdefs.h.  */
| /* Define cftime to an innocuous variant, in case <limits.h> declares cftime.
|    For example, HP-UX 11i <limits.h> declares gettimeofday.  */
| #define cftime innocuous_cftime
| 
| /* System header to define __stub macros and hopefully few prototypes,
|     which can conflict with char cftime (); below.
|     Prefer <limits.h> to <assert.h> if __STDC__ is defined, since
|     <limits.h> exists even on freestanding compilers.  */
| 
| #ifdef __STDC__
| # include <limits.h>
| #else
| # include <assert.h>
| #endif
| 
| #undef cftime
| 
| /* Override any GCC internal prototype to avoid an error.
|    Use char because int might match the return type of a GCC
|    builtin and then its argument prototype would still apply.  */
| #ifdef __cplusplus
| extern "C"
| #endif
| char cftime ();
| /* The GNU C library defines this for functions which it implements
|     to always fail with ENOSYS.  Some functions are actually named
|     something starting with __ and the normal name is an alias.  */
| #if defined __stub_cftime || defined __stub___cftime
| choke me
| #endif
| 
| int
| main ()
| {
| return cftime ();
|   ;
|   return 0;
| }
configure:4635: result: no
configure:4635: checking for strftime
configure:4635: gcc -o conftest -g -O2   conftest.c  >&5
conftest.c:64:6: warning: conflicting types for built-in function 'strftime' [-Wbuiltin-declaration-mismatch]
 char strftime ();
      ^~~~~~~~
configure:4635: $? = 0
configure:4635: result: yes
configure:4635: checking for memcpy
configure:4635: gcc -o conftest -g -O2   conftest.c  >&5
conftest.c:65:6: warning: conflicting types for built-in function 'memcpy' [-Wbuiltin-declaration-mismatch]
 char memcpy ();
      ^~~~~~
configure:4635: $? = 0
configure:4635: result: yes
configure:4635: checking for memmove
configure:4635: gcc -o conftest -g -O2   conftest.c  >&5
conftest.c:66:6: warning: conflicting types for built-in function 'memmove' [-Wbuiltin-declaration-mismatch]
 char memmove ();
      ^~~~~~~
configure:4635: $? = 0
configure:4635: result: yes
configure:4635: checking for localtime
configure:4635: gcc -o conftest -g -O2   conftest.c  >&5
configure:4635: $? = 0
configure:4635: result: yes
configure:4635: checking for timelocal
configure:4635: gcc -o conftest -g -O2   conftest.c  >&5
configure:4635: $? = 0
configure:4635: result: yes
configure:4635: checking for strchr
configure:4635: gcc -o conftest -g -O2   conftest.c  >&5
conftest.c:69:6: warning: conflicting types for built-in function 'strchr' [-Wbuiltin-declaration-mismatch]
 char strchr ();
      ^~~~~~
configure:4635: $? = 0
configure:4635: result: yes
configure:4635: checking for gettimeofday
configure:4635: gcc -o conftest -g -O2   conftest.c  >&5
configure:4635: $? = 0
configure:4635: result: yes
configure:4635: checking for get_process_stats
configure:4635: gcc -o conftest -g -O2   conftest.c  >&5
/tmp/ccyIRioZ.o: In function `main':
/home/muhmud/code/foss/sqsh/sqsh-2.4/conftest.c:82: undefined reference to `get_process_stats'
collect2: error: ld returned 1 exit status
configure:4635: $? = 1
configure: failed program was:
| /* confdefs.h */
| #define PACKAGE_NAME ""
| #define PACKAGE_TARNAME ""
| #define PACKAGE_VERSION ""
| #define PACKAGE_STRING ""
| #define PACKAGE_BUGREPORT ""
| #define PACKAGE_URL ""
| #define HAVE_VOLATILE 1
| #define STDC_HEADERS 1
| #define HAVE_SYS_WAIT_H 1
| #define HAVE_SYS_TYPES_H 1
| #define HAVE_SYS_STAT_H 1
| #define HAVE_STDLIB_H 1
| #define HAVE_STRING_H 1
| #define HAVE_MEMORY_H 1
| #define HAVE_STRINGS_H 1
| #define HAVE_INTTYPES_H 1
| #define HAVE_STDINT_H 1
| #define HAVE_UNISTD_H 1
| #define HAVE_STROPTS_H 1
| #define HAVE_MEMORY_H 1
| #define HAVE_STDLIB_H 1
| #define HAVE_TIME_H 1
| #define HAVE_SYS_TIME_H 1
| #define HAVE_SYS_TYPES_H 1
| #define HAVE_STRING_H 1
| #define HAVE_STRINGS_H 1
| #define HAVE_FCNTL_H 1
| #define HAVE_UNISTD_H 1
| #define HAVE_ERRNO_H 1
| #define HAVE_LIMITS_H 1
| #define HAVE_SYS_PARAM_H 1
| #define HAVE_CRYPT_H 1
| #define HAVE_SHADOW_H 1
| #define HAVE_LOCALE_H 1
| #define RETSIGTYPE void
| #define HAVE_SIGACTION 1
| #define HAVE_STRCASECMP 1
| #define HAVE_STRERROR 1
| #define HAVE_STRFTIME 1
| #define HAVE_MEMCPY 1
| #define HAVE_MEMMOVE 1
| #define HAVE_LOCALTIME 1
| #define HAVE_TIMELOCAL 1
| #define HAVE_STRCHR 1
| #define HAVE_GETTIMEOFDAY 1
| /* end confdefs.h.  */
| /* Define get_process_stats to an innocuous variant, in case <limits.h> declares get_process_stats.
|    For example, HP-UX 11i <limits.h> declares gettimeofday.  */
| #define get_process_stats innocuous_get_process_stats
| 
| /* System header to define __stub macros and hopefully few prototypes,
|     which can conflict with char get_process_stats (); below.
|     Prefer <limits.h> to <assert.h> if __STDC__ is defined, since
|     <limits.h> exists even on freestanding compilers.  */
| 
| #ifdef __STDC__
| # include <limits.h>
| #else
| # include <assert.h>
| #endif
| 
| #undef get_process_stats
| 
| /* Override any GCC internal prototype to avoid an error.
|    Use char because int might match the return type of a GCC
|    builtin and then its argument prototype would still apply.  */
| #ifdef __cplusplus
| extern "C"
| #endif
| char get_process_stats ();
| /* The GNU C library defines this for functions which it implements
|     to always fail with ENOSYS.  Some functions are actually named
|     something starting with __ and the normal name is an alias.  */
| #if defined __stub_get_process_stats || defined __stub___get_process_stats
| choke me
| #endif
| 
| int
| main ()
| {
| return get_process_stats ();
|   ;
|   return 0;
| }
configure:4635: result: no
configure:4635: checking for crypt
configure:4635: gcc -o conftest -g -O2   conftest.c  >&5
/tmp/ccGJh8l1.o: In function `main':
/home/muhmud/code/foss/sqsh/sqsh-2.4/conftest.c:82: undefined reference to `crypt'
collect2: error: ld returned 1 exit status
configure:4635: $? = 1
configure: failed program was:
| /* confdefs.h */
| #define PACKAGE_NAME ""
| #define PACKAGE_TARNAME ""
| #define PACKAGE_VERSION ""
| #define PACKAGE_STRING ""
| #define PACKAGE_BUGREPORT ""
| #define PACKAGE_URL ""
| #define HAVE_VOLATILE 1
| #define STDC_HEADERS 1
| #define HAVE_SYS_WAIT_H 1
| #define HAVE_SYS_TYPES_H 1
| #define HAVE_SYS_STAT_H 1
| #define HAVE_STDLIB_H 1
| #define HAVE_STRING_H 1
| #define HAVE_MEMORY_H 1
| #define HAVE_STRINGS_H 1
| #define HAVE_INTTYPES_H 1
| #define HAVE_STDINT_H 1
| #define HAVE_UNISTD_H 1
| #define HAVE_STROPTS_H 1
| #define HAVE_MEMORY_H 1
| #define HAVE_STDLIB_H 1
| #define HAVE_TIME_H 1
| #define HAVE_SYS_TIME_H 1
| #define HAVE_SYS_TYPES_H 1
| #define HAVE_STRING_H 1
| #define HAVE_STRINGS_H 1
| #define HAVE_FCNTL_H 1
| #define HAVE_UNISTD_H 1
| #define HAVE_ERRNO_H 1
| #define HAVE_LIMITS_H 1
| #define HAVE_SYS_PARAM_H 1
| #define HAVE_CRYPT_H 1
| #define HAVE_SHADOW_H 1
| #define HAVE_LOCALE_H 1
| #define RETSIGTYPE void
| #define HAVE_SIGACTION 1
| #define HAVE_STRCASECMP 1
| #define HAVE_STRERROR 1
| #define HAVE_STRFTIME 1
| #define HAVE_MEMCPY 1
| #define HAVE_MEMMOVE 1
| #define HAVE_LOCALTIME 1
| #define HAVE_TIMELOCAL 1
| #define HAVE_STRCHR 1
| #define HAVE_GETTIMEOFDAY 1
| /* end confdefs.h.  */
| /* Define crypt to an innocuous variant, in case <limits.h> declares crypt.
|    For example, HP-UX 11i <limits.h> declares gettimeofday.  */
| #define crypt innocuous_crypt
| 
| /* System header to define __stub macros and hopefully few prototypes,
|     which can conflict with char crypt (); below.
|     Prefer <limits.h> to <assert.h> if __STDC__ is defined, since
|     <limits.h> exists even on freestanding compilers.  */
| 
| #ifdef __STDC__
| # include <limits.h>
| #else
| # include <assert.h>
| #endif
| 
| #undef crypt
| 
| /* Override any GCC internal prototype to avoid an error.
|    Use char because int might match the return type of a GCC
|    builtin and then its argument prototype would still apply.  */
| #ifdef __cplusplus
| extern "C"
| #endif
| char crypt ();
| /* The GNU C library defines this for functions which it implements
|     to always fail with ENOSYS.  Some functions are actually named
|     something starting with __ and the normal name is an alias.  */
| #if defined __stub_crypt || defined __stub___crypt
| choke me
| #endif
| 
| int
| main ()
| {
| return crypt ();
|   ;
|   return 0;
| }
configure:4635: result: no
configure:4635: checking for poll
configure:4635: gcc -o conftest -g -O2   conftest.c  >&5
configure:4635: $? = 0
configure:4635: result: yes
configure:4635: checking for localeconv
configure:4635: gcc -o conftest -g -O2   conftest.c  >&5
configure:4635: $? = 0
configure:4635: result: yes
configure:4635: checking for setlocale
configure:4635: gcc -o conftest -g -O2   conftest.c  >&5
configure:4635: $? = 0
configure:4635: result: yes
configure:4646: checking for sigsetjmp
configure:4670: gcc -c -g -O2  conftest.c >&5
configure:4670: $? = 0
configure:4684: result: yes
configure:4695: checking signal behaviour
configure:4727: gcc -o conftest -g -O2   conftest.c  >&5
conftest.c:57:1: warning: return type defaults to 'int' [-Wimplicit-int]
 main() {
 ^~~~
conftest.c: In function 'main':
conftest.c:64:11: warning: implicit declaration of function 'getpid'; did you mean 'si_pid'? [-Wimplicit-function-declaration]
     kill( getpid(), _SIG_ ) ;
           ^~~~~~
           si_pid
conftest.c:66:5: warning: implicit declaration of function 'exit' [-Wimplicit-function-declaration]
     exit( sg_sig_count != 2 ) ;
     ^~~~
conftest.c:66:5: warning: incompatible implicit declaration of built-in function 'exit'
conftest.c:66:5: note: include '<stdlib.h>' or provide a declaration of 'exit'
configure:4727: $? = 0
configure:4727: ./conftest
configure:4727: $? = 0
configure:4740: result: BSD
configure:4763: checking for a BSD-compatible install
configure:4831: result: /usr/bin/install -c
configure:4947: creating ./config.status

## ---------------------- ##
## Running config.status. ##
## ---------------------- ##

This file was extended by config.status, which was
generated by GNU Autoconf 2.65.  Invocation command line was

  CONFIG_FILES    = 
  CONFIG_HEADERS  = 
  CONFIG_LINKS    = 
  CONFIG_COMMANDS = 
  $ ./config.status 

on itachi

config.status:877: creating Makefile
config.status:877: creating src/Makefile
config.status:877: creating src/sqsh_parser/Makefile
config.status:877: creating scripts/install.sh
config.status:877: creating scripts/make_wrapper.sh
config.status:877: creating src/config.h
config.status:1043: src/config.h is unchanged

## ---------------- ##
## Cache variables. ##
## ---------------- ##

ac_cv_build=x86_64-unknown-linux-gnu
ac_cv_c_compiler_gnu=yes
ac_cv_c_const=yes
ac_cv_env_CC_set=
ac_cv_env_CC_value=
ac_cv_env_CFLAGS_set=
ac_cv_env_CFLAGS_value=
ac_cv_env_CPPFLAGS_set=
ac_cv_env_CPPFLAGS_value=
ac_cv_env_CPP_set=
ac_cv_env_CPP_value=
ac_cv_env_LDFLAGS_set=
ac_cv_env_LDFLAGS_value=
ac_cv_env_LIBS_set=
ac_cv_env_LIBS_value=
ac_cv_env_XMKMF_set=
ac_cv_env_XMKMF_value=
ac_cv_env_build_alias_set=
ac_cv_env_build_alias_value=
ac_cv_env_host_alias_set=
ac_cv_env_host_alias_value=
ac_cv_env_target_alias_set=
ac_cv_env_target_alias_value=
ac_cv_func_cftime=no
ac_cv_func_crypt=no
ac_cv_func_get_process_stats=no
ac_cv_func_gettimeofday=yes
ac_cv_func_localeconv=yes
ac_cv_func_localtime=yes
ac_cv_func_memcpy=yes
ac_cv_func_memmove=yes
ac_cv_func_poll=yes
ac_cv_func_setlocale=yes
ac_cv_func_sigaction=yes
ac_cv_func_strcasecmp=yes
ac_cv_func_strchr=yes
ac_cv_func_strerror=yes
ac_cv_func_strftime=yes
ac_cv_func_timelocal=yes
ac_cv_have_sigsetjmp=yes
ac_cv_have_volatile=yes
ac_cv_hdr_readline_readline_h=/usr/include
ac_cv_header_crypt_h=yes
ac_cv_header_errno_h=yes
ac_cv_header_fcntl_h=yes
ac_cv_header_inttypes_h=yes
ac_cv_header_limits_h=yes
ac_cv_header_locale_h=yes
ac_cv_header_memory_h=yes
ac_cv_header_shadow_h=yes
ac_cv_header_stdc=yes
ac_cv_header_stdint_h=yes
ac_cv_header_stdlib_h=yes
ac_cv_header_string_h=yes
ac_cv_header_strings_h=yes
ac_cv_header_stropts_h=yes
ac_cv_header_sys_param_h=yes
ac_cv_header_sys_stat_h=yes
ac_cv_header_sys_time_h=yes
ac_cv_header_sys_types_h=yes
ac_cv_header_sys_wait_h=yes
ac_cv_header_time_h=yes
ac_cv_header_unistd_h=yes
ac_cv_host=x86_64-unknown-linux-gnu
ac_cv_lib_readline_rl_completion_matches=yes
ac_cv_libreadline=/lib
ac_cv_objext=o
ac_cv_path_EGREP='/usr/bin/grep -E'
ac_cv_path_GREP=/usr/bin/grep
ac_cv_path_install='/usr/bin/install -c'
ac_cv_prog_CPP='gcc -E'
ac_cv_prog_ac_ct_CC=gcc
ac_cv_prog_cc_c89=
ac_cv_prog_cc_g=yes
ac_cv_readline_libs=-lcurses
ac_cv_search_strerror='none required'
ac_cv_signal_behaviour=BSD
ac_cv_type_mode_t=yes
ac_cv_type_pid_t=yes
ac_cv_type_signal=void
ac_cv_type_uid_t=yes

## ----------------- ##
## Output variables. ##
## ----------------- ##

ATHENA_LIBS=''
CC='gcc'
CFLAGS='-g -O2'
CPP='gcc -E'
CPPFLAGS=''
DEFS='-DHAVE_CONFIG_H'
DEF_AIX_FIX=''
DEF_MOTIF='# -DUSE_MOTIF'
DEF_POSIX=''
DEF_READLINE='-DUSE_READLINE'
DEF_X11='# -DUSE_X11'
ECHO_C=''
ECHO_N='-n'
ECHO_T=''
EGREP='/usr/bin/grep -E'
EXEEXT=''
GREP='/usr/bin/grep'
INSTALL_DATA='${INSTALL} -m 644'
INSTALL_PROGRAM='${INSTALL}'
INSTALL_SCRIPT='${INSTALL}'
LDFLAGS=''
LIBOBJS=''
LIBS=''
LTLIBOBJS=''
MOTIF_INCDIR=''
MOTIF_LIBDIR=''
MOTIF_LIBS=''
MOTIF_PATH=''
OBJEXT='o'
PACKAGE_BUGREPORT=''
PACKAGE_NAME=''
PACKAGE_STRING=''
PACKAGE_TARNAME=''
PACKAGE_URL=''
PACKAGE_VERSION=''
PATH_SEPARATOR=':'
READLINE_INCDIR='# -I/usr/include'
READLINE_LIBDIR=''
READLINE_LIBS='-lreadline -lcurses'
SHELL='/bin/sh'
SQSH_PARSE_LIB='sqsh_parser/sqsh_parser.a'
SYBASE='/usr/local'
SYBASE_INCDIR='-I$(SYBASE_OCOS)/include'
SYBASE_LIBDIR='-L$(SYBASE_OCOS)/lib'
SYBASE_LIBS='   -lct    '
SYBASE_OCOS='/usr/local'
SYBASE_OS='-ldl -lm'
XMKMF=''
X_INCDIR='# -I/usr/X11R6/include'
X_LIBDIR='# -L/usr/X11R6/lib'
X_LIBS='# -lXaw -lXt -lXext -lXmu -lX11'
ac_ct_CC='gcc'
bindir='${exec_prefix}/bin'
build='x86_64-unknown-linux-gnu'
build_alias=''
build_cpu='x86_64'
build_os='linux-gnu'
build_vendor='unknown'
datadir='${datarootdir}'
datarootdir='${prefix}/share'
docdir='${datarootdir}/doc/${PACKAGE}'
dvidir='${docdir}'
exec_prefix='${prefix}'
host='x86_64-unknown-linux-gnu'
host_alias=''
host_cpu='x86_64'
host_os='linux-gnu'
host_vendor='unknown'
htmldir='${docdir}'
includedir='${prefix}/include'
infodir='${datarootdir}/info'
libdir='/lib'
libexecdir='${exec_prefix}/libexec'
localedir='${datarootdir}/locale'
localstatedir='${prefix}/var'
mandir='${datarootdir}/man'
oldincludedir='/usr/include'
pdfdir='${docdir}'
prefix='/usr/local'
program_transform_name='s,x,x,'
psdir='${docdir}'
sbindir='${exec_prefix}/sbin'
sharedstatedir='${prefix}/com'
sysconfdir='${prefix}/etc'
target_alias=''
with_motif='no'
with_readline='yes'
with_x='no'
xmkmfpath=''

## ----------- ##
## confdefs.h. ##
## ----------- ##

/* confdefs.h */
#define PACKAGE_NAME ""
#define PACKAGE_TARNAME ""
#define PACKAGE_VERSION ""
#define PACKAGE_STRING ""
#define PACKAGE_BUGREPORT ""
#define PACKAGE_URL ""
#define HAVE_VOLATILE 1
#define STDC_HEADERS 1
#define HAVE_SYS_WAIT_H 1
#define HAVE_SYS_TYPES_H 1
#define HAVE_SYS_STAT_H 1
#define HAVE_STDLIB_H 1
#define HAVE_STRING_H 1
#define HAVE_MEMORY_H 1
#define HAVE_STRINGS_H 1
#define HAVE_INTTYPES_H 1
#define HAVE_STDINT_H 1
#define HAVE_UNISTD_H 1
#define HAVE_STROPTS_H 1
#define HAVE_MEMORY_H 1
#define HAVE_STDLIB_H 1
#define HAVE_TIME_H 1
#define HAVE_SYS_TIME_H 1
#define HAVE_SYS_TYPES_H 1
#define HAVE_STRING_H 1
#define HAVE_STRINGS_H 1
#define HAVE_FCNTL_H 1
#define HAVE_UNISTD_H 1
#define HAVE_ERRNO_H 1
#define HAVE_LIMITS_H 1
#define HAVE_SYS_PARAM_H 1
#define HAVE_CRYPT_H 1
#define HAVE_SHADOW_H 1
#define HAVE_LOCALE_H 1
#define RETSIGTYPE void
#define HAVE_SIGACTION 1
#define HAVE_STRCASECMP 1
#define HAVE_STRERROR 1
#define HAVE_STRFTIME 1
#define HAVE_MEMCPY 1
#define HAVE_MEMMOVE 1
#define HAVE_LOCALTIME 1
#define HAVE_TIMELOCAL 1
#define HAVE_STRCHR 1
#define HAVE_GETTIMEOFDAY 1
#define HAVE_POLL 1
#define HAVE_LOCALECONV 1
#define HAVE_SETLOCALE 1
#define HAVE_SIGSETJMP 1

configure: exit 0
